2019-12-18 04:07:06,834 [      0]   INFO -        #com.intellij.idea.Main - ------------------------------------------------------ IDE STARTED ------------------------------------------------------ 
2019-12-18 04:07:06,872 [     38]   INFO -        #com.intellij.idea.Main - JNA library (64-bit) loaded in 31 ms 
2019-12-18 04:07:06,908 [     74]   INFO -        #com.intellij.idea.Main - IDE: IntelliJ IDEA (build #IC-193.5233.102, 27 Nov 2019 23:47) 
2019-12-18 04:07:06,908 [     74]   INFO -        #com.intellij.idea.Main - OS: Linux (4.15.0-64-generic, amd64) 
2019-12-18 04:07:06,908 [     74]   INFO -        #com.intellij.idea.Main - JRE: 11.0.4+10-b520.11 (JetBrains s.r.o) 
2019-12-18 04:07:06,908 [     74]   INFO -        #com.intellij.idea.Main - JVM: 11.0.4+10-b520.11 (OpenJDK 64-Bit Server VM) 
2019-12-18 04:07:06,909 [     75]   INFO -        #com.intellij.idea.Main - JVM Args: -Xms128m -Xmx750m -XX:ReservedCodeCacheSize=240m -XX:+UseConcMarkSweepGC -XX:SoftRefLRUPolicyMSPerMB=50 -ea -XX:CICompilerCount=2 -Dsun.io.useCanonPrefixCache=false -Djava.net.preferIPv4Stack=true -Djdk.http.auth.tunneling.disabledSchemes="" -XX:+HeapDumpOnOutOfMemoryError -XX:-OmitStackTraceInFastThrow -Djdk.attach.allowAttachSelf=true -Dkotlinx.coroutines.debug=off -Djdk.module.illegalAccess.silent=true -Dawt.useSystemAAFontSettings=lcd -Dsun.java2d.renderer=sun.java2d.marlin.MarlinRenderingEngine -Dsun.tools.attach.tmp.only=true -XX:ErrorFile=/root/java_error_in_IDEA_%p.log -XX:HeapDumpPath=/root/java_error_in_IDEA.hprof -Didea.paths.selector=IdeaIC2019.3 -Djb.vmOptionsFile=/usr/local/idea-IC-193.5233.102/bin/idea64.vmoptions -Didea.platform.prefix=Idea -Didea.jre.check=true 
2019-12-18 04:07:06,909 [     75]   INFO -        #com.intellij.idea.Main - charsets: JNU=ANSI_X3.4-1968 file=ANSI_X3.4-1968 
2019-12-18 04:07:07,861 [   1027]   INFO -        #com.intellij.idea.Main - CPU cores: 8; ForkJoinPool.commonPool: java.util.concurrent.ForkJoinPool@6f94e6ec[Running, parallelism = 7, size = 0, active = 0, running = 0, steals = 0, tasks = 0, submissions = 0]; factory: com.intellij.concurrency.IdeaForkJoinWorkerThreadFactory@440473a8 
2019-12-18 04:07:07,907 [   1073]   INFO -        #com.intellij.idea.Main - WM detected: Compiz 
2019-12-18 04:07:20,169 [  13335]   INFO - llij.ide.plugins.PluginManager - Plugin "Groovy" misses optional descriptor duplicates-groovy.xml 
2019-12-18 04:07:20,170 [  13336]   INFO - llij.ide.plugins.PluginManager - Plugin "Groovy" misses optional descriptor duplicates-detection-groovy.xml 
2019-12-18 04:07:20,227 [  13393]   INFO - llij.ide.plugins.PluginManager - Plugin "Java" misses optional descriptor profiler-java.xml 
2019-12-18 04:07:20,407 [  13573]   INFO - .intellij.util.io.HttpRequests - Application is not initialized yet; Using default SSL configuration to connect to https://plugins.jetbrains.com/plugins/list/?uuid=bde8f67a-2352-442f-9d76-bd9a8c566560&build=IC-193.5233.102 
2019-12-18 04:07:42,002 [  35168]   INFO - .intellij.util.io.HttpRequests - Application is not initialized yet; Using default SSL configuration to connect to https://plugins.jetbrains.com/pluginManager/?action=download&id=org.intellij.scala&build=IC-193.5233.102&uuid=bde8f67a-2352-442f-9d76-bd9a8c566560 
2019-12-18 04:07:53,976 [  47142]   INFO - .intellij.util.io.HttpRequests - Application is not initialized yet; Using default SSL configuration to connect to https://plugins.jetbrains.com/pluginManager/?action=download&id=IdeaVIM&build=IC-193.5233.102&uuid=bde8f67a-2352-442f-9d76-bd9a8c566560 
2019-12-18 04:07:56,412 [  49578]   INFO - .intellij.util.io.HttpRequests - Application is not initialized yet; Using default SSL configuration to connect to https://plugins.jetbrains.com/pluginManager/?action=download&id=training&build=IC-193.5233.102&uuid=bde8f67a-2352-442f-9d76-bd9a8c566560 
2019-12-18 04:08:00,025 [  53191]   INFO - llij.ide.plugins.PluginManager - Plugin "Groovy" misses optional descriptor duplicates-groovy.xml 
2019-12-18 04:08:00,026 [  53192]   INFO - llij.ide.plugins.PluginManager - Plugin "Groovy" misses optional descriptor duplicates-detection-groovy.xml 
2019-12-18 04:08:00,066 [  53232]   INFO - llij.ide.plugins.PluginManager - Plugin "Java" misses optional descriptor profiler-java.xml 
2019-12-18 04:08:00,159 [  53325]   INFO - llij.ide.plugins.PluginManager - Loaded bundled plugins: Android Support (10.3.5), Ant (193.5233.102), Bytecode Viewer (193.5233.102), ChangeReminder (193.5233.102), Configuration Script (193.5233.102), Copyright (193.5233.102), Coverage (193.5233.102), Eclipse Interoperability (193.5233.102), EditorConfig (193.5233.102), Git (193.5233.102), GitHub (193.5233.102), Gradle (193.5233.102), Gradle-Java (193.5233.102), Gradle-Maven (193.5233.102), Groovy (193.5233.102), IDEA CORE (193.5233.102), IntelliLang (193.5233.102), JUnit (193.5233.102), Java (193.5233.102), Java Bytecode Decompiler (193.5233.102), Java IDE Customization (193.5233.102), Java Internationalization (193.5233.102), Java Stream Debugger (193.5233.102), JavaFX (193.5233.102), Kotlin (1.3.60-release-IJ2019.3-1), Machine Learning Code Completion (193.5233.102), Markdown (193.5233.102), Maven (193.5233.102), Mercurial (193.5233.102), Plugin DevKit (193.5233.102), Properties (193.5233.102), Settings Repository (193.5233.102), Shell Script (193.5233.102), Smali Support (193.5233.102), Subversion (193.5233.102), Task Management (193.5233.102), Terminal (193.5233.102), TestNG (193.5233.102), TextMate bundles (193.5233.102), UI Designer (193.5233.102), XPathView + XSLT (193.5233.102), XSLT Debugger (193.5233.102), YAML (193.5233.102) 
2019-12-18 04:08:00,159 [  53325]   INFO - llij.ide.plugins.PluginManager - Loaded custom plugins: IDE Features Trainer (193.5233.113), IdeaVim (0.54), Scala (2019.3.17) 
2019-12-18 04:08:00,544 [  53710]   INFO - til.net.ssl.CertificateManager - Default SSL context initialized 
2019-12-18 04:08:00,584 [  53750]   INFO - fs.newvfs.persistent.FSRecords - Marking VFS as corrupted: '/root/.IdeaIC2019.3/system/caches/names.dat' does not exist 
2019-12-18 04:08:00,586 [  53752]   INFO - ellij.util.io.PagedFileStorage - lower=100; upper=500; buffer=10; max=705 
2019-12-18 04:08:00,626 [  53792]   INFO - rains.ide.BuiltInServerManager - built-in server started, port 63342 
2019-12-18 04:08:00,627 [  53793]   INFO - .history.utils.LocalHistoryLog - local history version mismatch (was: 0, expected: 6), rebuilding... 
2019-12-18 04:08:00,627 [  53793]   INFO - .history.utils.LocalHistoryLog - FS has been rebuild, rebuilding local history... 
2019-12-18 04:08:00,630 [  53796]   INFO - com.intellij.ide.ui.UISettings - Loaded: fontSize=12, fontScale=1.0; restored: fontSize=12, fontScale=1.0 
2019-12-18 04:08:00,661 [  53827]   INFO - pl.local.NativeFileWatcherImpl - Starting file watcher: /usr/local/idea-IC-193.5233.102/bin/fsnotifier64 
2019-12-18 04:08:00,686 [  53852]   INFO - pl.local.NativeFileWatcherImpl - Native file watcher is operational. 
2019-12-18 04:08:00,689 [  53855]   INFO - gs.impl.UpdateCheckerComponent - channel: release 
2019-12-18 04:08:01,578 [  54744]   INFO - ij.psi.stubs.StubUpdatingIndex - Following new file types will be indexed:Markdown,KNM,XML,DGM,HTML,Properties,Groovy,Scala Worksheet,Scala,Kotlin,kotlin_builtins,CLASS,KJSM,JAVA 
2019-12-18 04:08:01,702 [  54868]   INFO - ation.SbtCompilationSupervisor - Listening to incoming sbt compilation events on port 0. 
2019-12-18 04:08:01,737 [  54903]   INFO - pi.util.registry.RegistryValue - Registry value 'BSP.system.in.process' has changed to 'true' 
2019-12-18 04:08:01,788 [  54954]   INFO - il.indexing.FileBasedIndexImpl - Indices to be built:FrameworkDetectionIndex,TodoIndex,IdIndex,FilenameIndex,filetypes,Stubs,Trigram.Index,fileIncludes,DomFileIndex,RelaxSymbolIndex,XmlTagNames,XmlNamespaces,html5.custom.attributes.index,SchemaTypeInheritance,json.file.root.values,ImageFileInfoIndex,bytecodeAnalysis,java.auto.module.name,java.null.method.argument,java.simple.property,java.fun.expression,java.binary.plus.expression,RefQueueIndex,xmlProperties,ant-imports,XsltSymbolIndex,GroovyDslFileIndex,groovy.trait.fields,groovy.trait.methods,FormClassIndex,IdeaPluginRegistrationIndex,PluginIdModuleIndex,PluginIdDependenciesIndex,devkit.ExtensionPointIndex,editorconfig.index.name,org.jetbrains.kotlin.idea.versions.KotlinJvmMetadataVersionIndex,org.jetbrains.kotlin.idea.versions.KotlinJsMetadataVersionIndex,org.jetbrains.kotlin.idea.vfilefinder.KotlinClassFileIndex,org.jetbrains.kotlin.idea.vfilefinder.KotlinJavaScriptMetaFileIndex,org.jetbrains.kotlin.idea.vfilefinder.KotlinMetadataFileIndex,org.jetbrains.kotlin.idea.vfilefinder.KotlinMetadataFilePackageIndex,org.jetbrains.kotlin.idea.vfilefinder.KotlinModuleMappingIndex,org.jetbrains.kotlin.idea.vfilefinder.KotlinPackageSourcesMemberNamesIndex,org.jetbrains.kotlin.idea.vfilefinder.KotlinJvmModuleAnnotationsIndex,org.jetbrains.kotlin.ide.konan.index.KotlinNativeMetaFileIndex,DataBindingXmlIndex,ScalaDocAsteriskAlignStyleIndexer,JavaFxControllerClassIndex,javafx.id.name,javafx.custom.component,yaml.keys.name 
2019-12-18 04:08:01,791 [  54957]   INFO - pl$FileIndexDataInitialization - Initialization done: 1193 
2019-12-18 04:08:01,842 [  55008]   INFO - pi.util.registry.RegistryValue - Registry value 'SBT.system.in.process' has changed to 'true' 
2019-12-18 04:08:01,938 [  55104]   INFO - tellij.psi.stubs.StubIndexImpl - Following stub indices will be built:dom.namespaceKey,dom.elementClass,java.annotations,java.class.extlist,java.field.name,java.method.name,jvm.static.member.name,jvm.static.member.type,java.anonymous.baseref,java.method.parameter.types,java.class.shortname,java.class.fqn,java.module.name,properties.index,gr.class.fqn,gr.script.fqn,gr.field.name,gr.method.name,gr.annot.method.name,gr.annot.members,gr.script.class,gr.class.super,gr.anonymous.class,markdown.header,org.jetbrains.kotlin.idea.stubindex.KotlinExactPackagesIndex,org.jetbrains.kotlin.idea.stubindex.KotlinTopLevelClassByPackageIndex,org.jetbrains.kotlin.idea.stubindex.KotlinTopLevelFunctionByPackageIndex,org.jetbrains.kotlin.idea.stubindex.KotlinTopLevelPropertyByPackageIndex,org.jetbrains.kotlin.idea.stubindex.KotlinTopLevelTypeAliasByPackageIndex,org.jetbrains.kotlin.idea.stubindex.KotlinClassShortNameIndex,org.jetbrains.kotlin.idea.stubindex.KotlinFullClassNameIndex,org.jetbrains.kotlin.idea.stubindex.KotlinPropertyShortNameIndex,org.jetbrains.kotlin.idea.stubindex.KotlinFunctionShortNameIndex,org.jetbrains.kotlin.idea.stubindex.KotlinTypeAliasShortNameIndex,org.jetbrains.kotlin.idea.stubindex.KotlinSuperClassIndex,org.jetbrains.kotlin.idea.stubindex.KotlinTopLevelFunctionFqnNameIndex,org.jetbrains.kotlin.idea.stubindex.KotlinTopLevelPropertyFqnNameIndex,org.jetbrains.kotlin.idea.stubindex.KotlinTopLevelTypeAliasFqNameIndex,org.jetbrains.kotlin.idea.stubindex.KotlinTopLevelExtensionsByReceiverTypeIndex,org.jetbrains.kotlin.idea.stubindex.KotlinAnnotationsIndex,org.jetbrains.kotlin.idea.stubindex.KotlinProbablyNothingFunctionShortNameIndex,org.jetbrains.kotlin.idea.stubindex.KotlinProbablyNothingPropertyShortNameIndex,org.jetbrains.kotlin.idea.stubindex.KotlinProbablyContractedFunctionShortNameIndex,org.jetbrains.kotlin.idea.stubindex.KotlinFileFacadeFqNameIndex,org.jetbrains.kotlin.idea.stubindex.KotlinFilePartClassIndex,org.jetbrains.kotlin.idea.stubindex.KotlinFileFacadeClassByPackageIndex,org.jetbrains.kotlin.idea.stubindex.KotlinFileFacadeShortNameIndex,org.jetbrains.kotlin.idea.stubindex.KotlinMultifileClassPartIndex,org.jetbrains.kotlin.idea.stubindex.KotlinScriptFqnIndex,org.jetbrains.kotlin.idea.stubindex.KotlinTypeAliasByExpansionShortNameIndex,org.jetbrains.kotlin.idea.stubindex.KotlinOverridableInternalMembersShortNameIndex,sc.all.class.names,sc.class.shortName,sc.not.visible.in.java.class.shortName,sc.class.fqn,sc.package.object.fqn,sc.package.object.short,sc.package.fqn,sc.method.name,sc.class.name.in.package,sc.java.class.name.in.package,sc.implcit.object,sc.annotatde.member.name,sc.property.name,sc.class.parameter.name,sc.type.alias.name,sc.stable.alias.name,sc.stable.alias.fqn,sc.super.class.name,sc.self.type.class.name.key,sc.implicit.conversion,sc.implicit.instance 
2019-12-18 04:08:01,938 [  55104]   INFO - exImpl$StubIndexInitialization - Initialization done: 146 
2019-12-18 04:08:02,559 [  55725]   INFO - j.ide.plugins.RepositoryHelper - using cached plugin list (updated at 12/18/19, 4:07 AM) 
2019-12-18 04:08:02,722 [  55888]   INFO - dea.updater.SdkComponentSource - File /root/.android/repositories.cfg could not be loaded. 
2019-12-18 04:08:02,723 [  55889]   INFO - dea.updater.SdkComponentSource - Downloading https://dl.google.com/android/repository/addons_list-3.xml 
2019-12-18 04:08:03,144 [  56310]   INFO - dea.updater.SdkComponentSource - Downloading https://dl.google.com/android/repository/repository2-1.xml 
2019-12-18 04:08:03,145 [  56311]   INFO - dea.updater.SdkComponentSource - Downloading https://dl.google.com/android/repository/sys-img/android/sys-img2-1.xml 
2019-12-18 04:08:03,145 [  56311]   INFO - dea.updater.SdkComponentSource - Downloading https://dl.google.com/android/repository/sys-img/android-automotive/sys-img2-1.xml 
2019-12-18 04:08:03,145 [  56311]   INFO - dea.updater.SdkComponentSource - Downloading https://dl.google.com/android/repository/sys-img/android-wear/sys-img2-1.xml 
2019-12-18 04:08:03,145 [  56311]   INFO - dea.updater.SdkComponentSource - Downloading https://dl.google.com/android/repository/sys-img/android-wear-cn/sys-img2-1.xml 
2019-12-18 04:08:03,146 [  56312]   INFO - dea.updater.SdkComponentSource - Downloading https://dl.google.com/android/repository/sys-img/android-tv/sys-img2-1.xml 
2019-12-18 04:08:03,146 [  56312]   INFO - dea.updater.SdkComponentSource - Downloading https://dl.google.com/android/repository/sys-img/google_apis/sys-img2-1.xml 
2019-12-18 04:08:03,156 [  56322]   INFO - dea.updater.SdkComponentSource - Downloading https://dl.google.com/android/repository/sys-img/google_apis_playstore/sys-img2-1.xml 
2019-12-18 04:08:03,157 [  56323]   INFO - dea.updater.SdkComponentSource - Downloading https://dl.google.com/android/repository/glass/addon2-1.xml 
2019-12-18 04:08:03,157 [  56323]   INFO - dea.updater.SdkComponentSource - Downloading https://dl.google.com/android/repository/extras/intel/addon2-1.xml 
2019-12-18 04:08:03,157 [  56323]   INFO - dea.updater.SdkComponentSource - Downloading https://dl.google.com/android/repository/addon2-1.xml 
2019-12-18 04:08:06,377 [  59543]   INFO - tellij.ide.SystemHealthMonitor - restored ignored PIPE handler 
2019-12-18 04:08:18,173 [  71339]   INFO - rationStore.ComponentStoreImpl - Saving appDaemonCodeAnalyzerSettings took 18 ms, DebuggerSettings took 19 ms 
2019-12-18 04:08:20,420 [  73586]   INFO - Types.impl.FileTypeManagerImpl - 0 auto-detected files. Detection took 0 ms 
2019-12-18 04:08:20,424 [  73590]   INFO - pl.local.NativeFileWatcherImpl - Watcher terminated with exit code 0 
2019-12-18 04:08:20,424 [  73590]   INFO - stubs.SerializationManagerImpl - START StubSerializationManager SHUTDOWN 
2019-12-18 04:08:20,425 [  73591]   INFO - stubs.SerializationManagerImpl - END StubSerializationManager SHUTDOWN 
2019-12-18 04:08:20,426 [  73592]   INFO - org.jetbrains.io.BuiltInServer - web server stopped 
2019-12-18 04:08:20,426 [  73592]   INFO - il.indexing.FileBasedIndexImpl - START INDEX SHUTDOWN 
2019-12-18 04:08:20,444 [  73610]   INFO - il.indexing.FileBasedIndexImpl - END INDEX SHUTDOWN 
2019-12-18 04:08:20,444 [  73610]   INFO - newvfs.persistent.PersistentFS - VFS dispose started 
2019-12-18 04:08:20,447 [  73613]   INFO - newvfs.persistent.PersistentFS - VFS dispose completed 
2019-12-18 04:08:20,449 [  73615]   INFO -        #com.intellij.idea.Main - ------------------------------------------------------ IDE SHUTDOWN ------------------------------------------------------ 
2019-12-18 04:08:20,454 [  73620]   INFO - org.jetbrains.io.BuiltInServer - web server stopped 
